<?xml version="1.0" encoding="UTF-8"?>
<!-- Generated by org.testng.reporters.JUnitXMLReporter -->
<testsuite ignored="0" hostname="Dushmantha-HP-Laptop" failures="0" tests="5" name="Login Test" time="14.427" errors="0" timestamp="2026-05-13T13:23:47 CDT">
  <testcase classname="com.pkg.tests.LoginTest" name="emptyFieldLogin" time="0.388"/>
  <testcase classname="com.pkg.tests.LoginTest" name="invalidLoginBothUsnPwd" time="0.356"/>
  <testcase classname="com.pkg.tests.LoginTest" name="invalidLoginPwd" time="0.349"/>
  <testcase classname="com.pkg.tests.LoginTest" name="invalidLoginUserNm" time="0.332"/>
  <testcase classname="com.pkg.tests.LoginTest" name="validLogin" time="0.369"/>
</testsuite> <!-- Login Test -->
