<?xml version="1.0" encoding="UTF-8"?>
<!-- Generated by org.testng.reporters.JUnitXMLReporter -->
<testsuite ignored="0" hostname="Dushmantha-HP-Laptop" failures="0" tests="5" name="Login Test" time="15.157" errors="0" timestamp="2026-05-13T13:35:46 CDT">
  <testcase classname="com.pkg.tests.LoginTest" name="emptyFieldLogin" time="0.343"/>
  <testcase classname="com.pkg.tests.LoginTest" name="invalidLoginBothUsnPwd" time="0.346"/>
  <testcase classname="com.pkg.tests.LoginTest" name="invalidLoginPwd" time="0.347"/>
  <testcase classname="com.pkg.tests.LoginTest" name="invalidLoginUserNm" time="0.31"/>
  <testcase classname="com.pkg.tests.LoginTest" name="validLogin" time="0.333"/>
</testsuite> <!-- Login Test -->
