<?xml version="1.0" encoding="UTF-8"?>
<testng-results ignored="0" total="1" passed="1" failed="0" skipped="0">
  <reporter-output>
  </reporter-output>
  <suite started-at="2026-04-30T19:55:51 CDT" name="My Maven TestNG suite" finished-at="2026-04-30T19:55:58 CDT" duration-ms="7523">
    <groups>
    </groups>
    <test started-at="2026-04-30T19:55:51 CDT" name="Login Test" finished-at="2026-04-30T19:55:58 CDT" duration-ms="7523">
      <class name="com.pkg.tests.LoginTest">
        <test-method is-config="true" signature="setUp()[pri:0, instance:com.pkg.tests.LoginTest@7e07db1f]" started-at="2026-04-30T19:55:51 CDT" name="setUp" finished-at="2026-04-30T19:55:58 CDT" duration-ms="6812" status="PASS">
          <reporter-output>
          </reporter-output>
        </test-method> <!-- setUp -->
        <test-method signature="validLogin()[pri:0, instance:com.pkg.tests.LoginTest@7e07db1f]" started-at="2026-04-30T19:55:58 CDT" name="validLogin" finished-at="2026-04-30T19:55:58 CDT" duration-ms="470" status="PASS">
          <reporter-output>
          </reporter-output>
        </test-method> <!-- validLogin -->
        <test-method is-config="true" signature="tearDown()[pri:0, instance:com.pkg.tests.LoginTest@7e07db1f]" started-at="2026-04-30T19:55:58 CDT" name="tearDown" finished-at="2026-04-30T19:55:58 CDT" duration-ms="204" status="PASS">
          <reporter-output>
          </reporter-output>
        </test-method> <!-- tearDown -->
      </class> <!-- com.pkg.tests.LoginTest -->
    </test> <!-- Login Test -->
  </suite> <!-- My Maven TestNG suite -->
</testng-results>
