<?xml version="1.0" encoding="UTF-8"?>
<testng-results ignored="0" total="6" passed="6" failed="0" skipped="0">
  <reporter-output>
  </reporter-output>
  <suite started-at="2026-05-13T13:23:32 CDT" name="My Maven TestNG suite" finished-at="2026-05-13T13:23:49 CDT" duration-ms="17024">
    <groups>
    </groups>
    <test started-at="2026-05-13T13:23:32 CDT" name="Login Test" finished-at="2026-05-13T13:23:46 CDT" duration-ms="14427">
      <class name="com.pkg.tests.LoginTest">
        <test-method is-config="true" signature="setUp()[pri:0, instance:com.pkg.tests.LoginTest@16d04d3d]" started-at="2026-05-13T13:23:32 CDT" name="setUp" finished-at="2026-05-13T13:23:36 CDT" duration-ms="3420" status="PASS">
          <reporter-output>
          </reporter-output>
        </test-method> <!-- setUp -->
        <test-method signature="emptyFieldLogin()[pri:0, instance:com.pkg.tests.LoginTest@16d04d3d]" started-at="2026-05-13T13:23:36 CDT" name="emptyFieldLogin" finished-at="2026-05-13T13:23:36 CDT" duration-ms="388" status="PASS">
          <reporter-output>
          </reporter-output>
        </test-method> <!-- emptyFieldLogin -->
        <test-method is-config="true" signature="tearDown()[pri:0, instance:com.pkg.tests.LoginTest@16d04d3d]" started-at="2026-05-13T13:23:36 CDT" name="tearDown" finished-at="2026-05-13T13:23:36 CDT" duration-ms="204" status="PASS">
          <reporter-output>
          </reporter-output>
        </test-method> <!-- tearDown -->
        <test-method is-config="true" signature="setUp()[pri:0, instance:com.pkg.tests.LoginTest@16d04d3d]" started-at="2026-05-13T13:23:36 CDT" name="setUp" finished-at="2026-05-13T13:23:38 CDT" duration-ms="1987" status="PASS">
          <reporter-output>
          </reporter-output>
        </test-method> <!-- setUp -->
        <test-method signature="invalidLoginBothUsnPwd()[pri:0, instance:com.pkg.tests.LoginTest@16d04d3d]" started-at="2026-05-13T13:23:38 CDT" name="invalidLoginBothUsnPwd" finished-at="2026-05-13T13:23:38 CDT" duration-ms="356" status="PASS">
          <reporter-output>
          </reporter-output>
        </test-method> <!-- invalidLoginBothUsnPwd -->
        <test-method is-config="true" signature="tearDown()[pri:0, instance:com.pkg.tests.LoginTest@16d04d3d]" started-at="2026-05-13T13:23:38 CDT" name="tearDown" finished-at="2026-05-13T13:23:39 CDT" duration-ms="159" status="PASS">
          <reporter-output>
          </reporter-output>
        </test-method> <!-- tearDown -->
        <test-method is-config="true" signature="setUp()[pri:0, instance:com.pkg.tests.LoginTest@16d04d3d]" started-at="2026-05-13T13:23:39 CDT" name="setUp" finished-at="2026-05-13T13:23:41 CDT" duration-ms="1971" status="PASS">
          <reporter-output>
          </reporter-output>
        </test-method> <!-- setUp -->
        <test-method signature="invalidLoginPwd()[pri:0, instance:com.pkg.tests.LoginTest@16d04d3d]" started-at="2026-05-13T13:23:41 CDT" name="invalidLoginPwd" finished-at="2026-05-13T13:23:41 CDT" duration-ms="349" status="PASS">
          <reporter-output>
          </reporter-output>
        </test-method> <!-- invalidLoginPwd -->
        <test-method is-config="true" signature="tearDown()[pri:0, instance:com.pkg.tests.LoginTest@16d04d3d]" started-at="2026-05-13T13:23:41 CDT" name="tearDown" finished-at="2026-05-13T13:23:41 CDT" duration-ms="142" status="PASS">
          <reporter-output>
          </reporter-output>
        </test-method> <!-- tearDown -->
        <test-method is-config="true" signature="setUp()[pri:0, instance:com.pkg.tests.LoginTest@16d04d3d]" started-at="2026-05-13T13:23:41 CDT" name="setUp" finished-at="2026-05-13T13:23:43 CDT" duration-ms="2338" status="PASS">
          <reporter-output>
          </reporter-output>
        </test-method> <!-- setUp -->
        <test-method signature="invalidLoginUserNm()[pri:0, instance:com.pkg.tests.LoginTest@16d04d3d]" started-at="2026-05-13T13:23:43 CDT" name="invalidLoginUserNm" finished-at="2026-05-13T13:23:44 CDT" duration-ms="332" status="PASS">
          <reporter-output>
          </reporter-output>
        </test-method> <!-- invalidLoginUserNm -->
        <test-method is-config="true" signature="tearDown()[pri:0, instance:com.pkg.tests.LoginTest@16d04d3d]" started-at="2026-05-13T13:23:44 CDT" name="tearDown" finished-at="2026-05-13T13:23:44 CDT" duration-ms="154" status="PASS">
          <reporter-output>
          </reporter-output>
        </test-method> <!-- tearDown -->
        <test-method is-config="true" signature="setUp()[pri:0, instance:com.pkg.tests.LoginTest@16d04d3d]" started-at="2026-05-13T13:23:44 CDT" name="setUp" finished-at="2026-05-13T13:23:46 CDT" duration-ms="2049" status="PASS">
          <reporter-output>
          </reporter-output>
        </test-method> <!-- setUp -->
        <test-method signature="validLogin()[pri:0, instance:com.pkg.tests.LoginTest@16d04d3d]" started-at="2026-05-13T13:23:46 CDT" name="validLogin" finished-at="2026-05-13T13:23:46 CDT" duration-ms="369" status="PASS">
          <reporter-output>
          </reporter-output>
        </test-method> <!-- validLogin -->
        <test-method is-config="true" signature="tearDown()[pri:0, instance:com.pkg.tests.LoginTest@16d04d3d]" started-at="2026-05-13T13:23:46 CDT" name="tearDown" finished-at="2026-05-13T13:23:46 CDT" duration-ms="164" status="PASS">
          <reporter-output>
          </reporter-output>
        </test-method> <!-- tearDown -->
      </class> <!-- com.pkg.tests.LoginTest -->
    </test> <!-- Login Test -->
    <test started-at="2026-05-13T13:23:47 CDT" name="Products Test" finished-at="2026-05-13T13:23:49 CDT" duration-ms="2515">
      <class name="com.pkg.tests.ProductsTest">
        <test-method is-config="true" signature="setUp()[pri:0, instance:com.pkg.tests.ProductsTest@1d296da]" started-at="2026-05-13T13:23:47 CDT" name="setUp" finished-at="2026-05-13T13:23:49 CDT" duration-ms="2020" status="PASS">
          <reporter-output>
          </reporter-output>
        </test-method> <!-- setUp -->
        <test-method signature="validTitle()[pri:0, instance:com.pkg.tests.ProductsTest@1d296da]" started-at="2026-05-13T13:23:49 CDT" name="validTitle" finished-at="2026-05-13T13:23:49 CDT" duration-ms="353" status="PASS">
          <reporter-output>
          </reporter-output>
        </test-method> <!-- validTitle -->
        <test-method is-config="true" signature="tearDown()[pri:0, instance:com.pkg.tests.ProductsTest@1d296da]" started-at="2026-05-13T13:23:49 CDT" name="tearDown" finished-at="2026-05-13T13:23:49 CDT" duration-ms="138" status="PASS">
          <reporter-output>
          </reporter-output>
        </test-method> <!-- tearDown -->
      </class> <!-- com.pkg.tests.ProductsTest -->
    </test> <!-- Products Test -->
  </suite> <!-- My Maven TestNG suite -->
</testng-results>
