<?xml version="1.0" encoding="UTF-8"?>
<!-- Generated by org.testng.reporters.JUnitReportReporter -->
<testsuite hostname="Dushmantha-HP-Laptop" failures="0" tests="5" name="com.pkg.tests.LoginTest" time="14.382" errors="0" timestamp="2026-05-13T13:23:49 CDT" skipped="0">
  <testcase classname="com.pkg.tests.LoginTest" name="invalidLoginUserNm" time="2.540"/>
  <testcase classname="com.pkg.tests.LoginTest" name="emptyFieldLogin" time="2.563"/>
  <testcase classname="com.pkg.tests.LoginTest" name="validLogin" time="3.943"/>
  <testcase classname="com.pkg.tests.LoginTest" name="invalidLoginPwd" time="2.478"/>
  <testcase classname="com.pkg.tests.LoginTest" name="invalidLoginBothUsnPwd" time="2.858"/>
</testsuite> <!-- com.pkg.tests.LoginTest -->
