<?xml version="1.0" encoding="UTF-8"?>
<!-- Generated by org.testng.reporters.JUnitReportReporter -->
<testsuite hostname="Dushmantha-HP-Laptop" failures="0" tests="5" name="com.pkg.tests.LoginTest" time="15.118" errors="0" timestamp="2026-05-13T13:35:49 CDT" skipped="0">
  <testcase classname="com.pkg.tests.LoginTest" name="invalidLoginPwd" time="2.585"/>
  <testcase classname="com.pkg.tests.LoginTest" name="invalidLoginBothUsnPwd" time="2.426"/>
  <testcase classname="com.pkg.tests.LoginTest" name="emptyFieldLogin" time="2.598"/>
  <testcase classname="com.pkg.tests.LoginTest" name="invalidLoginUserNm" time="4.857"/>
  <testcase classname="com.pkg.tests.LoginTest" name="validLogin" time="2.652"/>
</testsuite> <!-- com.pkg.tests.LoginTest -->
